c:\users\rmuku\onedrive - swinburne university of technology sarawak campus\degree\year 2\semester 1\data structure and patterns\week 2\tutorial\lab2\lab2\debug\vc141.pdb
c:\users\rmuku\onedrive - swinburne university of technology sarawak campus\degree\year 2\semester 1\data structure and patterns\week 2\tutorial\lab2\lab2\debug\vc141.idb
c:\users\rmuku\onedrive - swinburne university of technology sarawak campus\degree\year 2\semester 1\data structure and patterns\week 2\tutorial\lab2\lab2\debug\main.obj
c:\users\rmuku\onedrive - swinburne university of technology sarawak campus\degree\year 2\semester 1\data structure and patterns\week 2\tutorial\lab2\lab2\debug\charactercounter.obj
c:\users\rmuku\onedrive - swinburne university of technology sarawak campus\degree\year 2\semester 1\data structure and patterns\week 4\tutorial\lab2\lab2\debug\vc141.pdb
c:\users\rmuku\onedrive - swinburne university of technology sarawak campus\degree\year 2\semester 1\data structure and patterns\week 4\tutorial\lab2\lab2\debug\vc141.idb
c:\users\rmuku\onedrive - swinburne university of technology sarawak campus\degree\year 2\semester 1\data structure and patterns\week 4\tutorial\lab2\lab2\debug\main.obj
c:\users\rmuku\onedrive - swinburne university of technology sarawak campus\degree\year 2\semester 1\data structure and patterns\week 4\tutorial\lab2\lab2\debug\charactercounter.obj
c:\users\rmuku\onedrive - swinburne university of technology sarawak campus\degree\year 2\semester 1\data structure and patterns\week 5\tutorial\lab2\lab2\debug\vc141.pdb
c:\users\rmuku\onedrive - swinburne university of technology sarawak campus\degree\year 2\semester 1\data structure and patterns\week 5\tutorial\lab2\lab2\debug\vc141.idb
c:\users\rmuku\onedrive - swinburne university of technology sarawak campus\degree\year 2\semester 1\data structure and patterns\week 5\tutorial\lab2\lab2\debug\main.obj
c:\users\rmuku\onedrive - swinburne university of technology sarawak campus\degree\year 2\semester 1\data structure and patterns\week 5\tutorial\lab2\lab2\debug\frequencymap.obj
c:\users\rmuku\onedrive - swinburne university of technology sarawak campus\degree\year 2\semester 1\data structure and patterns\week 5\tutorial\lab2\lab2\debug\charactercounter.obj
c:\users\rmuku\onedrive - swinburne university of technology sarawak campus\degree\year 2\semester 1\data structure and patterns\week 5\tutorial\lab2\lab2\debug\charactercounteriterator.obj
c:\users\rmuku\onedrive - swinburne university of technology sarawak campus\degree\year 2\semester 1\data structure and patterns\week 2\tutorial\lab2\debug\lab2.exe
c:\users\rmuku\onedrive - swinburne university of technology sarawak campus\degree\year 2\semester 1\data structure and patterns\week 2\tutorial\lab2\debug\lab2.ilk
c:\users\rmuku\onedrive - swinburne university of technology sarawak campus\degree\year 2\semester 1\data structure and patterns\week 2\tutorial\lab2\debug\lab2.pdb
c:\users\rmuku\onedrive - swinburne university of technology sarawak campus\degree\year 2\semester 1\data structure and patterns\week 4\tutorial\lab2\debug\lab2.exe
c:\users\rmuku\onedrive - swinburne university of technology sarawak campus\degree\year 2\semester 1\data structure and patterns\week 4\tutorial\lab2\debug\lab2.ilk
c:\users\rmuku\onedrive - swinburne university of technology sarawak campus\degree\year 2\semester 1\data structure and patterns\week 4\tutorial\lab2\debug\lab2.pdb
c:\users\rmuku\onedrive - swinburne university of technology sarawak campus\degree\year 2\semester 1\data structure and patterns\week 5\tutorial\lab2\debug\lab2.exe
c:\users\rmuku\onedrive - swinburne university of technology sarawak campus\degree\year 2\semester 1\data structure and patterns\week 5\tutorial\lab2\debug\lab2.ilk
c:\users\rmuku\onedrive - swinburne university of technology sarawak campus\degree\year 2\semester 1\data structure and patterns\week 5\tutorial\lab2\debug\lab2.pdb
c:\users\rmuku\onedrive - swinburne university of technology sarawak campus\degree\year 2\semester 1\data structure and patterns\week 5\tutorial\lab2\lab2\debug\lab2.tlog\cl.command.1.tlog
c:\users\rmuku\onedrive - swinburne university of technology sarawak campus\degree\year 2\semester 1\data structure and patterns\week 5\tutorial\lab2\lab2\debug\lab2.tlog\cl.read.1.tlog
c:\users\rmuku\onedrive - swinburne university of technology sarawak campus\degree\year 2\semester 1\data structure and patterns\week 5\tutorial\lab2\lab2\debug\lab2.tlog\cl.write.1.tlog
c:\users\rmuku\onedrive - swinburne university of technology sarawak campus\degree\year 2\semester 1\data structure and patterns\week 5\tutorial\lab2\lab2\debug\lab2.tlog\link.12008-cvtres.read.1.tlog
c:\users\rmuku\onedrive - swinburne university of technology sarawak campus\degree\year 2\semester 1\data structure and patterns\week 5\tutorial\lab2\lab2\debug\lab2.tlog\link.12008-cvtres.write.1.tlog
c:\users\rmuku\onedrive - swinburne university of technology sarawak campus\degree\year 2\semester 1\data structure and patterns\week 5\tutorial\lab2\lab2\debug\lab2.tlog\link.12008-rc.read.1.tlog
c:\users\rmuku\onedrive - swinburne university of technology sarawak campus\degree\year 2\semester 1\data structure and patterns\week 5\tutorial\lab2\lab2\debug\lab2.tlog\link.12008-rc.write.1.tlog
c:\users\rmuku\onedrive - swinburne university of technology sarawak campus\degree\year 2\semester 1\data structure and patterns\week 5\tutorial\lab2\lab2\debug\lab2.tlog\link.12008.read.1.tlog
c:\users\rmuku\onedrive - swinburne university of technology sarawak campus\degree\year 2\semester 1\data structure and patterns\week 5\tutorial\lab2\lab2\debug\lab2.tlog\link.12008.write.1.tlog
c:\users\rmuku\onedrive - swinburne university of technology sarawak campus\degree\year 2\semester 1\data structure and patterns\week 5\tutorial\lab2\lab2\debug\lab2.tlog\link.command.1.tlog
c:\users\rmuku\onedrive - swinburne university of technology sarawak campus\degree\year 2\semester 1\data structure and patterns\week 5\tutorial\lab2\lab2\debug\lab2.tlog\link.read.1.tlog
c:\users\rmuku\onedrive - swinburne university of technology sarawak campus\degree\year 2\semester 1\data structure and patterns\week 5\tutorial\lab2\lab2\debug\lab2.tlog\link.write.1.tlog
